ERROR:SerialCom:could not open port 'COM4': WindowsError(5, 'Access is denied.')
INFO:SerialCom:Sending 0 0
INFO:SerialCom:Sending 0 1
INFO:SerialCom:Sending 0 2
INFO:SerialCom:Sending 0 3
INFO:SerialCom:Sending 0 4
INFO:SerialCom:Sending 0 5
ERROR:SerialCom:could not open port 'COM4': WindowsError(5, 'Access is denied.')
INFO:SerialCom:Sending 0 6
INFO:SerialCom:Sending 0 7
INFO:SerialCom:Sending 0 8
INFO:SerialCom:Sending 0 9
INFO:SerialCom:Sending 0 10
INFO:SerialCom:Sending 0 11
INFO:SerialCom:Sending 0 12
INFO:SerialCom:Sending 0 13
INFO:SerialCom:Sending 0 14
INFO:SerialCom:Sending 0 15
INFO:SerialCom:Sending 0 16
INFO:SerialCom:Sending 0 17
INFO:SerialCom:Sending 0 18
INFO:SerialCom:Sending 0 19
INFO:SerialCom:Sending 0 20
INFO:SerialCom:Sending 0 21
INFO:SerialCom:Sending 0 22
INFO:SerialCom:Sending 0 23
INFO:SerialCom:Sending 0 24
INFO:SerialCom:Sending 0 25
INFO:SerialCom:Sending 0 26
INFO:SerialCom:Sending 0 27
INFO:SerialCom:Sending 0 28
INFO:SerialCom:Sending 0 29
INFO:SerialCom:Sending 0 30
INFO:SerialCom:Sending 0 31
INFO:SerialCom:Sending 0 32
INFO:SerialCom:Sending 0 33
INFO:SerialCom:Sending 0 34
INFO:SerialCom:Sending 0 35
INFO:SerialCom:Sending 0 36
INFO:SerialCom:Sending 0 37
INFO:SerialCom:Sending 0 38
INFO:SerialCom:Sending 0 39
INFO:SerialCom:Sending 0 40
INFO:SerialCom:Sending 0 41
INFO:SerialCom:Sending 0 42
INFO:SerialCom:Sending 0 43
INFO:SerialCom:Sending 0 44
INFO:SerialCom:Sending 0 45
INFO:SerialCom:Sending 0 46
INFO:SerialCom:Sending 0 47
INFO:SerialCom:Sending 0 48
INFO:SerialCom:Sending 0 49
INFO:SerialCom:Sending 0 50
INFO:SerialCom:Sending 0 51
INFO:SerialCom:Sending 0 52
INFO:SerialCom:Sending 0 53
INFO:SerialCom:Sending 0 54
INFO:SerialCom:Sending 0 55
INFO:SerialCom:Sending 0 56
INFO:SerialCom:Sending 0 57
INFO:SerialCom:Sending 0 58
INFO:SerialCom:Sending 0 59
INFO:SerialCom:Sending 0 60
INFO:SerialCom:Sending 0 61
INFO:SerialCom:Sending 0 62
INFO:SerialCom:Sending 0 63
INFO:SerialCom:Sending 0 64
INFO:SerialCom:Sending 0 65
INFO:SerialCom:Sending 0 66
INFO:SerialCom:Sending 0 67
INFO:SerialCom:Sending 0 68
INFO:SerialCom:Sending 0 69
INFO:SerialCom:Sending 0 70
INFO:SerialCom:Sending 0 71
INFO:SerialCom:Sending 0 72
INFO:SerialCom:Sending 0 73
INFO:SerialCom:Sending 0 74
INFO:SerialCom:Sending 0 75
INFO:SerialCom:Sending 0 76
INFO:SerialCom:Sending 0 77
INFO:SerialCom:Sending 0 78
INFO:SerialCom:Sending 0 79
INFO:SerialCom:Sending 0 80
INFO:SerialCom:Sending 0 81
INFO:SerialCom:Sending 0 82
INFO:SerialCom:Sending 0 83
INFO:SerialCom:Sending 0 84
INFO:SerialCom:Sending 0 85
INFO:SerialCom:Sending 0 86
INFO:SerialCom:Sending 0 87
INFO:SerialCom:Sending 0 88
INFO:SerialCom:Sending 0 89
INFO:SerialCom:Sending 0 90
INFO:SerialCom:Sending 0 91
INFO:SerialCom:Sending 0 92
INFO:SerialCom:Sending 0 93
INFO:SerialCom:Sending 0 94
INFO:SerialCom:Sending 0 95
INFO:SerialCom:Sending 0 96
INFO:SerialCom:Sending 0 97
INFO:SerialCom:Sending 0 98
INFO:SerialCom:Sending 0 99
INFO:SerialCom:Sending 0 100
INFO:SerialCom:Sending 0 101
INFO:SerialCom:Sending 0 102
INFO:SerialCom:Sending 0 103
INFO:SerialCom:Sending 0 104
INFO:SerialCom:Sending 0 105
INFO:SerialCom:Sending 0 106
INFO:SerialCom:Sending 0 107
INFO:SerialCom:Sending 0 108
INFO:SerialCom:Sending 0 109
INFO:SerialCom:Sending 0 110
INFO:SerialCom:Sending 0 111
INFO:SerialCom:Sending 0 112
INFO:SerialCom:Sending 0 113
INFO:SerialCom:Sending 0 114
INFO:SerialCom:Sending 0 115
INFO:SerialCom:Sending 0 116
INFO:SerialCom:Sending 0 117
INFO:SerialCom:Sending 0 118
INFO:SerialCom:Sending 0 119
INFO:SerialCom:Sending 0 120
INFO:SerialCom:Sending 0 121
INFO:SerialCom:Sending 0 122
INFO:SerialCom:Sending 0 123
INFO:SerialCom:Sending 0 124
INFO:SerialCom:Sending 0 125
INFO:SerialCom:Sending 0 126
INFO:SerialCom:Sending 0 127
INFO:SerialCom:Sending 0 128
INFO:SerialCom:Sending 0 129
INFO:SerialCom:Sending 0 130
INFO:SerialCom:Sending 0 131
INFO:SerialCom:Sending 0 132
INFO:SerialCom:Sending 0 133
INFO:SerialCom:Sending 0 134
INFO:SerialCom:Sending 0 135
INFO:SerialCom:Sending 0 136
INFO:SerialCom:Sending 0 137
INFO:SerialCom:Sending 0 138
INFO:SerialCom:Sending 0 139
INFO:SerialCom:Sending 0 140
INFO:SerialCom:Sending 0 141
INFO:SerialCom:Sending 0 142
INFO:SerialCom:Sending 0 143
INFO:SerialCom:Sending 0 144
INFO:SerialCom:Sending 0 145
INFO:SerialCom:Sending 0 146
INFO:SerialCom:Sending 0 147
INFO:SerialCom:Sending 0 148
INFO:SerialCom:Sending 0 149
INFO:SerialCom:Sending 0 150
INFO:SerialCom:Sending 0 151
INFO:SerialCom:Sending 0 152
INFO:SerialCom:Sending 0 153
INFO:SerialCom:Sending 0 154
INFO:SerialCom:Sending 0 155
INFO:SerialCom:Sending 0 156
INFO:SerialCom:Sending 0 157
INFO:SerialCom:Sending 0 158
INFO:SerialCom:Sending 0 159
INFO:SerialCom:Sending 0 160
INFO:SerialCom:Sending 0 161
INFO:SerialCom:Sending 0 162
INFO:SerialCom:Sending 0 163
INFO:SerialCom:Sending 0 164
INFO:SerialCom:Sending 0 165
INFO:SerialCom:Sending 0 166
INFO:SerialCom:Sending 0 167
INFO:SerialCom:Sending 0 168
INFO:SerialCom:Sending 0 169
INFO:SerialCom:Sending 0 170
INFO:SerialCom:Sending 0 171
INFO:SerialCom:Sending 0 172
INFO:SerialCom:Sending 0 173
INFO:SerialCom:Sending 0 174
INFO:SerialCom:Sending 0 175
INFO:SerialCom:Sending 0 176
INFO:SerialCom:Sending 0 177
INFO:SerialCom:Sending 0 178
INFO:SerialCom:Sending 0 179
INFO:SerialCom:Sending 0 0
INFO:SerialCom:Sending 0 1
INFO:SerialCom:Sending 0 2
INFO:SerialCom:Sending 0 3
INFO:SerialCom:Sending 0 4
INFO:SerialCom:Sending 0 5
INFO:SerialCom:Sending 0 6
INFO:SerialCom:Sending 0 7
INFO:SerialCom:Sending 0 8
INFO:SerialCom:Sending 0 9
INFO:SerialCom:Sending 0 10
INFO:SerialCom:Sending 0 11
INFO:SerialCom:Sending 0 12
INFO:SerialCom:Sending 0 13
INFO:SerialCom:Sending 0 14
INFO:SerialCom:Sending 0 15
INFO:SerialCom:Sending 0 16
INFO:SerialCom:Sending 0 17
INFO:SerialCom:Sending 0 18
INFO:SerialCom:Sending 0 19
INFO:SerialCom:Sending 0 20
INFO:SerialCom:Sending 0 21
INFO:SerialCom:Sending 0 22
INFO:SerialCom:Sending 0 23
INFO:SerialCom:Sending 0 24
INFO:SerialCom:Sending 0 25
INFO:SerialCom:Sending 0 26
INFO:SerialCom:Sending 0 27
INFO:SerialCom:Sending 0 28
INFO:SerialCom:Sending 0 29
INFO:SerialCom:Sending 0 30
INFO:SerialCom:Sending 0 31
INFO:SerialCom:Sending 0 32
INFO:SerialCom:Sending 0 33
INFO:SerialCom:Sending 0 34
INFO:SerialCom:Sending 0 35
INFO:SerialCom:Sending 0 36
INFO:SerialCom:Sending 0 37
INFO:SerialCom:Sending 0 38
INFO:SerialCom:Sending 0 39
INFO:SerialCom:Sending 0 40
INFO:SerialCom:Sending 0 41
INFO:SerialCom:Sending 0 42
INFO:SerialCom:Sending 0 43
INFO:SerialCom:Sending 0 44
INFO:SerialCom:Sending 0 45
INFO:SerialCom:Sending 0 46
INFO:SerialCom:Sending 0 47
INFO:SerialCom:Sending 0 48
INFO:SerialCom:Sending 0 49
INFO:SerialCom:Sending 0 50
INFO:SerialCom:Sending 0 51
INFO:SerialCom:Sending 0 52
INFO:SerialCom:Sending 0 53
INFO:SerialCom:Sending 0 54
INFO:SerialCom:Sending 0 55
INFO:SerialCom:Sending 0 56
INFO:SerialCom:Sending 0 57
INFO:SerialCom:Sending 0 58
INFO:SerialCom:Sending 0 59
INFO:SerialCom:Sending 0 60
INFO:SerialCom:Sending 0 61
INFO:SerialCom:Sending 0 62
INFO:SerialCom:Sending 0 63
INFO:SerialCom:Sending 0 64
INFO:SerialCom:Sending 0 65
INFO:SerialCom:Sending 0 66
INFO:SerialCom:Sending 0 67
INFO:SerialCom:Sending 0 68
INFO:SerialCom:Sending 0 69
INFO:SerialCom:Sending 0 70
INFO:SerialCom:Sending 0 71
INFO:SerialCom:Sending 0 72
INFO:SerialCom:Sending 0 73
INFO:SerialCom:Sending 0 74
INFO:SerialCom:Sending 0 75
INFO:SerialCom:Sending 0 76
INFO:SerialCom:Sending 0 77
INFO:SerialCom:Sending 0 78
INFO:SerialCom:Sending 0 79
INFO:SerialCom:Sending 0 80
INFO:SerialCom:Sending 0 81
INFO:SerialCom:Sending 0 82
INFO:SerialCom:Sending 0 83
INFO:SerialCom:Sending 0 84
INFO:SerialCom:Sending 0 85
INFO:SerialCom:Sending 0 86
INFO:SerialCom:Sending 0 87
INFO:SerialCom:Sending 0 88
INFO:SerialCom:Sending 0 89
INFO:SerialCom:Sending 0 90
INFO:SerialCom:Sending 0 91
INFO:SerialCom:Sending 0 92
INFO:SerialCom:Sending 0 93
INFO:SerialCom:Sending 0 94
INFO:SerialCom:Sending 0 95
INFO:SerialCom:Sending 0 96
INFO:SerialCom:Sending 0 97
INFO:SerialCom:Sending 0 98
INFO:SerialCom:Sending 0 99
INFO:SerialCom:Sending 0 100
INFO:SerialCom:Sending 0 101
INFO:SerialCom:Sending 0 102
INFO:SerialCom:Sending 0 103
INFO:SerialCom:Sending 0 104
INFO:SerialCom:Sending 0 105
INFO:SerialCom:Sending 0 106
INFO:SerialCom:Sending 0 107
INFO:SerialCom:Sending 0 108
INFO:SerialCom:Sending 0 109
INFO:SerialCom:Sending 0 110
INFO:SerialCom:Sending 0 111
INFO:SerialCom:Sending 0 112
INFO:SerialCom:Sending 0 113
INFO:SerialCom:Sending 0 114
INFO:SerialCom:Sending 0 115
INFO:SerialCom:Sending 0 116
INFO:SerialCom:Sending 0 117
INFO:SerialCom:Sending 0 118
INFO:SerialCom:Sending 0 119
INFO:SerialCom:Sending 0 120
INFO:SerialCom:Sending 0 121
INFO:SerialCom:Sending 0 122
INFO:SerialCom:Sending 0 123
INFO:SerialCom:Sending 0 124
INFO:SerialCom:Sending 0 125
INFO:SerialCom:Sending 0 126
INFO:SerialCom:Sending 0 127
INFO:SerialCom:Sending 0 128
INFO:SerialCom:Sending 0 129
INFO:SerialCom:Sending 0 130
INFO:SerialCom:Sending 0 131
INFO:SerialCom:Sending 0 132
INFO:SerialCom:Sending 0 133
INFO:SerialCom:Sending 0 134
INFO:SerialCom:Sending 0 135
INFO:SerialCom:Sending 0 136
INFO:SerialCom:Sending 0 137
INFO:SerialCom:Sending 0 138
INFO:SerialCom:Sending 0 139
INFO:SerialCom:Sending 0 140
INFO:SerialCom:Sending 0 141
INFO:SerialCom:Sending 0 142
INFO:SerialCom:Sending 0 143
INFO:SerialCom:Sending 0 144
INFO:SerialCom:Sending 0 145
INFO:SerialCom:Sending 0 146
INFO:SerialCom:Sending 0 147
INFO:SerialCom:Sending 0 148
INFO:SerialCom:Sending 0 149
INFO:SerialCom:Sending 0 150
INFO:SerialCom:Sending 0 151
INFO:SerialCom:Sending 0 152
INFO:SerialCom:Sending 0 153
INFO:SerialCom:Sending 0 154
INFO:SerialCom:Sending 0 155
INFO:SerialCom:Sending 0 156
INFO:SerialCom:Sending 0 157
INFO:SerialCom:Sending 0 158
INFO:SerialCom:Sending 0 159
INFO:SerialCom:Sending 0 160
INFO:SerialCom:Sending 0 161
INFO:SerialCom:Sending 0 162
INFO:SerialCom:Sending 0 163
INFO:SerialCom:Sending 0 164
INFO:SerialCom:Sending 0 165
INFO:SerialCom:Sending 0 166
INFO:SerialCom:Sending 0 167
INFO:SerialCom:Sending 0 168
INFO:SerialCom:Sending 0 169
INFO:SerialCom:Sending 0 170
INFO:SerialCom:Sending 0 171
INFO:SerialCom:Sending 0 172
INFO:SerialCom:Sending 0 173
INFO:SerialCom:Sending 0 174
INFO:SerialCom:Sending 0 175
INFO:SerialCom:Sending 0 176
INFO:SerialCom:Sending 0 177
INFO:SerialCom:Sending 0 178
INFO:SerialCom:Sending 0 179
INFO:SerialCom:Sending 0 180
INFO:SerialCom:Sending 0 181
INFO:SerialCom:Sending 0 182
INFO:SerialCom:Sending 0 183
INFO:SerialCom:Sending 0 184
INFO:SerialCom:Sending 0 185
INFO:SerialCom:Sending 0 186
INFO:SerialCom:Sending 0 187
INFO:SerialCom:Sending 0 188
INFO:SerialCom:Sending 0 189
INFO:SerialCom:Sending 0 190
INFO:SerialCom:Sending 0 191
INFO:SerialCom:Sending 0 192
INFO:SerialCom:Sending 0 193
INFO:SerialCom:Sending 0 194
INFO:SerialCom:Sending 0 195
INFO:SerialCom:Sending 0 196
INFO:SerialCom:Sending 0 197
INFO:SerialCom:Sending 0 198
INFO:SerialCom:Sending 0 199
INFO:SerialCom:Sending 0 200
INFO:SerialCom:Sending 0 201
INFO:SerialCom:Sending 0 202
INFO:SerialCom:Sending 0 203
INFO:SerialCom:Sending 0 204
INFO:SerialCom:Sending 0 205
INFO:SerialCom:Sending 0 206
INFO:SerialCom:Sending 0 207
INFO:SerialCom:Sending 0 208
INFO:SerialCom:Sending 0 209
INFO:SerialCom:Sending 0 210
INFO:SerialCom:Sending 0 211
INFO:SerialCom:Sending 0 212
INFO:SerialCom:Sending 0 213
INFO:SerialCom:Sending 0 214
INFO:SerialCom:Sending 0 215
INFO:SerialCom:Sending 0 216
INFO:SerialCom:Sending 0 217
INFO:SerialCom:Sending 0 218
INFO:SerialCom:Sending 0 219
INFO:SerialCom:Sending 0 220
INFO:SerialCom:Sending 0 221
INFO:SerialCom:Sending 0 222
INFO:SerialCom:Sending 0 223
INFO:SerialCom:Sending 0 224
INFO:SerialCom:Sending 0 225
INFO:SerialCom:Sending 0 226
INFO:SerialCom:Sending 0 227
INFO:SerialCom:Sending 0 228
INFO:SerialCom:Sending 0 229
INFO:SerialCom:Sending 0 230
INFO:SerialCom:Sending 0 231
INFO:SerialCom:Sending 0 232
INFO:SerialCom:Sending 0 233
